<?xml version="1.0" encoding="UTF-8"?>
<testsuite xmlns:xsi="http://www.w3.org/2001/XMLSchema-instance" xsi:noNamespaceSchemaLocation="https://maven.apache.org/surefire/maven-surefire-plugin/xsd/surefire-test-report-3.0.xsd" version="3.0" name="com.example.Spaceship.SpaceshipApplicationTests" time="1.707" tests="1" errors="0" skipped="0" failures="0">
  <properties>
[...]
</properties>
  <testcase name="contextLoads" classname="com.example.Spaceship.SpaceshipApplicationTests" time="0.456">
    <system-out><![CDATA[09:47:17.441 [main] INFO org.springframework.test.context.support.AnnotationConfigContextLoaderUtils -- Could not detect default configuration classes for test class [com.example.Spaceship.SpaceshipApplicationTests]: SpaceshipApplicationTests does not declare any static, non-private, non-final, nested classes annotated with @Configuration.
09:47:17.497 [main] INFO org.springframework.boot.test.context.SpringBootTestContextBootstrapper -- Found @SpringBootConfiguration com.example.Spaceship.SpaceshipApplication for test class com.example.Spaceship.SpaceshipApplicationTests

  .   ____          _            __ _ _
 /\\ / ___'_ __ _ _(_)_ __  __ _ \ \ \ \
( ( )\___ | '_ | '_| | '_ \/ _` | \ \ \ \
 \\/  ___)| |_)| | | | | || (_| |  ) ) ) )
  '  |____| .__|_| |_|_| |_\__, | / / / /
 =========|_|==============|___/=/_/_/_/

 :: Spring Boot ::                (v3.3.4)

2024-09-21T09:47:17.809+02:00  INFO 142288 --- [Spaceship] [           main] c.e.Spaceship.SpaceshipApplicationTests  : Starting SpaceshipApplicationTests using Java 22.0.1 with PID 142288 (started by alext in C:\Users\alext\Desktop\spaceship-alex\Spaceship\Spaceship)
2024-09-21T09:47:17.810+02:00  INFO 142288 --- [Spaceship] [           main] c.e.Spaceship.SpaceshipApplicationTests  : No active profile set, falling back to 1 default profile: "default"
2024-09-21T09:47:18.577+02:00  INFO 142288 --- [Spaceship] [           main] c.e.Spaceship.SpaceshipApplicationTests  : Started SpaceshipApplicationTests in 1.008 seconds (process running for 1.528)
]]></system-out>
    <system-err><![CDATA[WARNING: A Java agent has been loaded dynamically (C:\Users\alext\.m2\repository\net\bytebuddy\byte-buddy-agent\1.14.19\byte-buddy-agent-1.14.19.jar)
WARNING: If a serviceability tool is in use, please run with -XX:+EnableDynamicAgentLoading to hide this warning
WARNING: If a serviceability tool is not in use, please run with -Djdk.instrument.traceUsage for more information
WARNING: Dynamic loading of agents will be disallowed by default in a future release
]]></system-err>
  </testcase>
</testsuite>